This is pdfTeX, Version 3.141592653-2.6-1.40.27 (TeX Live 2025) (preloaded format=pdflatex 2025.4.8)  8 APR 2025 17:16
entering extended mode
 restricted \write18 enabled.
 %&-line parsing enabled.
**toc.tex
(./toc.tex
LaTeX2e <2024-11-01> patch level 2
L3 programming layer <2025-01-18>

! LaTeX Error: Missing \begin{document}.

See the LaTeX manual or LaTeX Companion for explanation.
Type  H <return>  for immediate help.
 ...                                              
                                                  
l.1 $
     if(toc)$
You're in trouble here.  Try typing  <return>  to proceed.
If that doesn't work, type  X <return>  to quit.

LaTeX Font Info:    External font `cmex10' loaded for size
(Font)              <7> on input line 1.
LaTeX Font Info:    External font `cmex10' loaded for size
(Font)              <5> on input line 1.

! LaTeX Error: Command \contentsname undefined.

See the LaTeX manual or LaTeX Companion for explanation.
Type  H <return>  for immediate help.
 ...                                              
                                                  
l.3 \renewcommand*\contentsname
                               {$toc-title$}
Try typing  <return>  to proceed.
If that doesn't work, type  X <return>  to quit.

Missing character: There is no [ in font nullfont!
Missing character: There is no a in font nullfont!
Missing character: There is no l in font nullfont!
Missing character: There is no l in font nullfont!
Missing character: There is no o in font nullfont!
Missing character: There is no w in font nullfont!
Missing character: There is no f in font nullfont!
Missing character: There is no r in font nullfont!
Missing character: There is no a in font nullfont!
Missing character: There is no m in font nullfont!
Missing character: There is no e in font nullfont!
Missing character: There is no b in font nullfont!
Missing character: There is no r in font nullfont!
Missing character: There is no e in font nullfont!
Missing character: There is no a in font nullfont!
Missing character: There is no k in font nullfont!
Missing character: There is no s in font nullfont!
Missing character: There is no ] in font nullfont!
! Undefined control sequence.
l.8   \frametitle
                 {$toc-title$}
The control sequence at the end of the top line
of your error message was never \def'ed. If you have
misspelled it (e.g., `\hobx'), type `I' and the correct
spelling (e.g., `I\hbox'). Otherwise just continue,
and I'll forget about whatever was undefined.

! Undefined control sequence.
l.10   \tableofcontents
                       [hideallsubsections]
The control sequence at the end of the top line
of your error message was never \def'ed. If you have
misspelled it (e.g., `\hobx'), type `I' and the correct
spelling (e.g., `I\hbox'). Otherwise just continue,
and I'll forget about whatever was undefined.

Missing character: There is no [ in font nullfont!
Missing character: There is no h in font nullfont!
Missing character: There is no i in font nullfont!
Missing character: There is no d in font nullfont!
Missing character: There is no e in font nullfont!
Missing character: There is no a in font nullfont!
Missing character: There is no l in font nullfont!
Missing character: There is no l in font nullfont!
Missing character: There is no s in font nullfont!
Missing character: There is no u in font nullfont!
Missing character: There is no b in font nullfont!
Missing character: There is no s in font nullfont!
Missing character: There is no e in font nullfont!
Missing character: There is no c in font nullfont!
Missing character: There is no t in font nullfont!
Missing character: There is no i in font nullfont!
Missing character: There is no o in font nullfont!
Missing character: There is no n in font nullfont!
Missing character: There is no s in font nullfont!
Missing character: There is no ] in font nullfont!
! Undefined control sequence.
l.15 \hypersetup
                {linkcolor=$if(toccolor)$$toccolor$$else$$endif$}
The control sequence at the end of the top line
of your error message was never \def'ed. If you have
misspelled it (e.g., `\hobx'), type `I' and the correct
spelling (e.g., `I\hbox'). Otherwise just continue,
and I'll forget about whatever was undefined.

Missing character: There is no l in font nullfont!
Missing character: There is no i in font nullfont!
Missing character: There is no n in font nullfont!
Missing character: There is no k in font nullfont!
Missing character: There is no c in font nullfont!
Missing character: There is no o in font nullfont!
Missing character: There is no l in font nullfont!
Missing character: There is no o in font nullfont!
Missing character: There is no r in font nullfont!
Missing character: There is no = in font nullfont!
! Missing number, treated as zero.
<to be read again> 
                   $
l.17 \setcounter{tocdepth}{$toc-depth$}
                                       
A number should have been here; I inserted `0'.
(If you can't figure out why I needed to see a number,
look up `weird error' in the index to The TeXbook.)

! Undefined control sequence.
l.18 \tableofcontents
                     
The control sequence at the end of the top line
of your error message was never \def'ed. If you have
misspelled it (e.g., `\hobx'), type `I' and the correct
spelling (e.g., `I\hbox'). Otherwise just continue,
and I'll forget about whatever was undefined.

! Undefined control sequence.
l.23 \listoffigures
                   
The control sequence at the end of the top line
of your error message was never \def'ed. If you have
misspelled it (e.g., `\hobx'), type `I' and the correct
spelling (e.g., `I\hbox'). Otherwise just continue,
and I'll forget about whatever was undefined.

! Undefined control sequence.
l.26 \listoftables
                  
The control sequence at the end of the top line
of your error message was never \def'ed. If you have
misspelled it (e.g., `\hobx'), type `I' and the correct
spelling (e.g., `I\hbox'). Otherwise just continue,
and I'll forget about whatever was undefined.


Overfull \hbox (49.9811pt too wide) in paragraph at lines 1--28
[]$\OML/cmm/m/it/10 if\OT1/cmr/m/n/10 (\OML/cmm/m/it/10 toc\OT1/cmr/m/n/10 )$
 []


Overfull \hbox (33.87pt too wide) in paragraph at lines 1--28
\OML/cmm/m/it/10 if\OT1/cmr/m/n/10 (\OML/cmm/m/it/10 toc \OMS/cmsy/m/n/10 ^^@
 []


Overfull \hbox (22.3931pt too wide) in paragraph at lines 1--28
\OML/cmm/m/it/10 title\OT1/cmr/m/n/10 )$
 []


Overfull \hbox (25.28087pt too wide) in paragraph at lines 1--28
\OML/cmm/m/it/10 endif$
 []


Overfull \hbox (49.65477pt too wide) in paragraph at lines 1--28
\OML/cmm/m/it/10 if\OT1/cmr/m/n/10 (\OML/cmm/m/it/10 beamer\OT1/cmr/m/n/10 )$
 []


Overfull \hbox (33.87pt too wide) in paragraph at lines 1--28
\OML/cmm/m/it/10 if\OT1/cmr/m/n/10 (\OML/cmm/m/it/10 toc \OMS/cmsy/m/n/10 ^^@
 []


Overfull \hbox (22.3931pt too wide) in paragraph at lines 1--28
\OML/cmm/m/it/10 title\OT1/cmr/m/n/10 )$
 []


Overfull \hbox (20.5637pt too wide) in paragraph at lines 1--28
\OML/cmm/m/it/10 toc \OMS/cmsy/m/n/10 ^^@
 []


Overfull \hbox (18.5042pt too wide) in paragraph at lines 1--28
\OML/cmm/m/it/10 title$
 []


Overfull \hbox (25.28087pt too wide) in paragraph at lines 1--28
\OML/cmm/m/it/10 endif$
 []


Overfull \hbox (17.1806pt too wide) in paragraph at lines 1--28
\OML/cmm/m/it/10 else$
 []


Overfull \hbox (62.02354pt too wide) in paragraph at lines 1--28
\OML/cmm/m/it/10 if\OT1/cmr/m/n/10 (\OML/cmm/m/it/10 colorlinks\OT1/cmr/m/n/10 )$
 []


Overfull \hbox (129.21239pt too wide) in paragraph at lines 1--28
\OML/cmm/m/it/10 if\OT1/cmr/m/n/10 (\OML/cmm/m/it/10 toccolor\OT1/cmr/m/n/10 )$$\OML/cmm/m/it/10 toccolor$$else$$endif$
 []


Overfull \hbox (25.28087pt too wide) in paragraph at lines 1--28
\OML/cmm/m/it/10 endif$
 []


Overfull \hbox (20.5637pt too wide) in paragraph at lines 1--28
\OML/cmm/m/it/10 toc \OMS/cmsy/m/n/10 ^^@
 []


Overfull \hbox (24.26508pt too wide) in paragraph at lines 1--28
\OML/cmm/m/it/10 depth$
 []


Overfull \hbox (25.28087pt too wide) in paragraph at lines 1--28
\OML/cmm/m/it/10 endif$
 []


Overfull \hbox (25.28087pt too wide) in paragraph at lines 1--28
\OML/cmm/m/it/10 endif$
 []


Overfull \hbox (31.19525pt too wide) in paragraph at lines 1--28
\OML/cmm/m/it/10 if\OT1/cmr/m/n/10 (\OML/cmm/m/it/10 lof\OT1/cmr/m/n/10 )$
 []


Overfull \hbox (25.28087pt too wide) in paragraph at lines 1--28
\OML/cmm/m/it/10 endif$
 []


Overfull \hbox (28.8341pt too wide) in paragraph at lines 1--28
\OML/cmm/m/it/10 if\OT1/cmr/m/n/10 (\OML/cmm/m/it/10 lot\OT1/cmr/m/n/10 )$
 []


Overfull \hbox (25.28087pt too wide) in paragraph at lines 1--28
\OML/cmm/m/it/10 endif$ 
 []

)
! Emergency stop.
<*> toc.tex
           
*** (job aborted, no legal \end found)

 
Here is how much of TeX's memory you used:
 20 strings out of 475151
 430 string characters out of 5763552
 387916 words of memory out of 5000000
 23125 multiletter control sequences out of 15000+600000
 558837 words of font info for 36 fonts, out of 8000000 for 9000
 14 hyphenation exceptions out of 8191
 18i,3n,20p,70b,57s stack positions out of 10000i,1000n,20000p,200000b,200000s
!  ==> Fatal error occurred, no output PDF file produced!
